{
  "RSpec": {
    "coverage": {
      "C:/Users/paul_/OneDrive/Documents/Makers/Bank_Tech_Test/spec/bank_account_spec.rb": {
        "lines": [
          null,
          null,
          1,
          null,
          1,
          5,
          3,
          2,
          15,
          null,
          1,
          14,
          14,
          null,
          null,
          2,
          2,
          2,
          null,
          1,
          1,
          1,
          1,
          2,
          null,
          null,
          1,
          1,
          1,
          null,
          null,
          null,
          1,
          1,
          2,
          null,
          null,
          1,
          2,
          null,
          null,
          1,
          2,
          null,
          null,
          null,
          null,
          1,
          1,
          6,
          6,
          null,
          null,
          1,
          1,
          1,
          2,
          null,
          null,
          1,
          1,
          1,
          null,
          null,
          null,
          1,
          1,
          2,
          null,
          null,
          1,
          2,
          null,
          null,
          1,
          2,
          null,
          null,
          1,
          1,
          null,
          null,
          null,
          null
        ]
      },
      "C:/Users/paul_/OneDrive/Documents/Makers/Bank_Tech_Test/lib/bank_account.rb": {
        "lines": [
          null,
          null,
          1,
          1,
          null,
          null,
          1,
          1,
          15,
          null,
          null,
          1,
          15,
          12,
          12,
          null,
          null,
          1,
          10,
          7,
          null,
          4,
          4,
          null,
          null,
          1,
          1,
          1,
          null,
          null,
          1,
          null,
          1,
          null,
          1,
          7,
          7,
          17,
          null,
          7,
          null,
          null,
          1,
          25,
          23,
          21,
          null,
          null
        ]
      },
      "C:/Users/paul_/OneDrive/Documents/Makers/Bank_Tech_Test/lib/transaction.rb": {
        "lines": [
          null,
          null,
          1,
          null,
          null,
          1,
          1,
          7,
          null,
          null,
          1,
          null,
          1,
          7,
          7,
          null,
          null
        ]
      },
      "C:/Users/paul_/OneDrive/Documents/Makers/Bank_Tech_Test/lib/statement.rb": {
        "lines": [
          null,
          null,
          null,
          1,
          1,
          8,
          8,
          null,
          null,
          1,
          7,
          7,
          7,
          null,
          null,
          1,
          null,
          1,
          16,
          9,
          null,
          7,
          null,
          null,
          null,
          1,
          16,
          16,
          36,
          null,
          16,
          null,
          null,
          1,
          6,
          16,
          null,
          null,
          null
        ]
      },
      "C:/Users/paul_/OneDrive/Documents/Makers/Bank_Tech_Test/spec/features/user_transactions_and_statements_spec.rb": {
        "lines": [
          null,
          null,
          1,
          null,
          1,
          1,
          1,
          null,
          null,
          1,
          1,
          1,
          2,
          2,
          2,
          2,
          null,
          2,
          null,
          null,
          null,
          null,
          null,
          null,
          null,
          null,
          null,
          null,
          null
        ]
      },
      "C:/Users/paul_/OneDrive/Documents/Makers/Bank_Tech_Test/spec/statement_spec.rb": {
        "lines": [
          null,
          null,
          1,
          null,
          1,
          3,
          1,
          5,
          null,
          null,
          null,
          null,
          null,
          1,
          1,
          null,
          null,
          1,
          1,
          2,
          null,
          null,
          null,
          null,
          1,
          2,
          null,
          null,
          1,
          2,
          null,
          null,
          1,
          2,
          null,
          null,
          1,
          2,
          null,
          null,
          1,
          2,
          null,
          null,
          null,
          null,
          null,
          null
        ]
      },
      "C:/Users/paul_/OneDrive/Documents/Makers/Bank_Tech_Test/spec/transaction_spec.rb": {
        "lines": [
          null,
          null,
          1,
          null,
          1,
          2,
          null,
          1,
          1,
          1,
          1,
          null,
          null,
          null
        ]
      }
    },
    "timestamp": 1635262416
  }
}
